{"/Users/rayvaverma/Desktop/personal/vibe-insights/cli/src/analyzers/search.js": {"path":"/Users/rayvaverma/Desktop/personal/vibe-insights/cli/src/analyzers/search.js","statementMap":{"0":{"start":{"line":7,"column":11},"end":{"line":7,"column":24}},"1":{"start":{"line":8,"column":13},"end":{"line":8,"column":28}},"2":{"start":{"line":10,"column":14},"end":{"line":10,"column":30}},"3":{"start":{"line":11,"column":15},"end":{"line":11,"column":37}},"4":{"start":{"line":12,"column":19},"end":{"line":12,"column":52}},"5":{"start":{"line":13,"column":15},"end":{"line":13,"column":44}},"6":{"start":{"line":16,"column":32},"end":{"line":23,"column":1}},"7":{"start":{"line":27,"column":23},"end":{"line":27,"column":75}},"8":{"start":{"line":29,"column":2},"end":{"line":32,"column":5}},"9":{"start":{"line":30,"column":30},"end":{"line":30,"column":83}},"10":{"start":{"line":31,"column":4},"end":{"line":31,"column":52}},"11":{"start":{"line":58,"column":6},"end":{"line":58,"column":13}},"12":{"start":{"line":59,"column":2},"end":{"line":59,"column":64}},"13":{"start":{"line":60,"column":2},"end":{"line":60,"column":77}},"14":{"start":{"line":62,"column":16},"end":{"line":62,"column":55}},"15":{"start":{"line":63,"column":2},"end":{"line":63,"column":87}},"16":{"start":{"line":65,"column":2},"end":{"line":69,"column":3}},"17":{"start":{"line":66,"column":28},"end":{"line":66,"column":91}},"18":{"start":{"line":67,"column":4},"end":{"line":67,"column":80}},"19":{"start":{"line":68,"column":4},"end":{"line":68,"column":108}},"20":{"start":{"line":72,"column":2},"end":{"line":85,"column":3}},"21":{"start":{"line":73,"column":4},"end":{"line":73,"column":68}},"22":{"start":{"line":74,"column":4},"end":{"line":80,"column":5}},"23":{"start":{"line":75,"column":6},"end":{"line":75,"column":121}},"24":{"start":{"line":76,"column":6},"end":{"line":76,"column":214}},"25":{"start":{"line":78,"column":6},"end":{"line":78,"column":109}},"26":{"start":{"line":79,"column":6},"end":{"line":79,"column":25}},"27":{"start":{"line":82,"column":4},"end":{"line":82,"column":62}},"28":{"start":{"line":83,"column":4},"end":{"line":83,"column":109}},"29":{"start":{"line":84,"column":4},"end":{"line":84,"column":94}},"30":{"start":{"line":87,"column":2},"end":{"line":90,"column":3}},"31":{"start":{"line":88,"column":4},"end":{"line":88,"column":145}},"32":{"start":{"line":89,"column":4},"end":{"line":89,"column":23}},"33":{"start":{"line":91,"column":2},"end":{"line":91,"column":107}},"34":{"start":{"line":93,"column":29},"end":{"line":93,"column":78}},"35":{"start":{"line":94,"column":2},"end":{"line":94,"column":90}},"36":{"start":{"line":96,"column":26},"end":{"line":101,"column":12}},"37":{"start":{"line":103,"column":2},"end":{"line":103,"column":72}},"38":{"start":{"line":105,"column":2},"end":{"line":105,"column":146}},"39":{"start":{"line":115,"column":2},"end":{"line":115,"column":77}},"40":{"start":{"line":116,"column":2},"end":{"line":116,"column":90}},"41":{"start":{"line":118,"column":28},"end":{"line":118,"column":51}},"42":{"start":{"line":119,"column":2},"end":{"line":119,"column":70}},"43":{"start":{"line":121,"column":28},"end":{"line":123,"column":10}},"44":{"start":{"line":122,"column":33},"end":{"line":122,"column":56}},"45":{"start":{"line":125,"column":19},"end":{"line":125,"column":21}},"46":{"start":{"line":128,"column":4},"end":{"line":168,"column":5}},"47":{"start":{"line":129,"column":22},"end":{"line":129,"column":52}},"48":{"start":{"line":131,"column":6},"end":{"line":165,"column":7}},"49":{"start":{"line":132,"column":25},"end":{"line":132,"column":57}},"50":{"start":{"line":135,"column":8},"end":{"line":138,"column":9}},"51":{"start":{"line":137,"column":11},"end":{"line":137,"column":20}},"52":{"start":{"line":140,"column":8},"end":{"line":164,"column":9}},"53":{"start":{"line":141,"column":23},"end":{"line":141,"column":44}},"54":{"start":{"line":143,"column":10},"end":{"line":161,"column":11}},"55":{"start":{"line":144,"column":12},"end":{"line":144,"column":31}},"56":{"start":{"line":145,"column":17},"end":{"line":161,"column":11}},"57":{"start":{"line":146,"column":34},"end":{"line":146,"column":70}},"58":{"start":{"line":149,"column":12},"end":{"line":160,"column":13}},"59":{"start":{"line":150,"column":14},"end":{"line":152,"column":15}},"60":{"start":{"line":151,"column":16},"end":{"line":151,"column":54}},"61":{"start":{"line":156,"column":34},"end":{"line":156,"column":165}},"62":{"start":{"line":157,"column":14},"end":{"line":159,"column":15}},"63":{"start":{"line":158,"column":17},"end":{"line":158,"column":55}},"64":{"start":{"line":163,"column":10},"end":{"line":163,"column":98}},"65":{"start":{"line":167,"column":6},"end":{"line":167,"column":99}},"66":{"start":{"line":171,"column":2},"end":{"line":174,"column":3}},"67":{"start":{"line":172,"column":5},"end":{"line":172,"column":80}},"68":{"start":{"line":173,"column":5},"end":{"line":173,"column":32}},"69":{"start":{"line":176,"column":2},"end":{"line":176,"column":30}},"70":{"start":{"line":177,"column":2},"end":{"line":177,"column":101}},"71":{"start":{"line":178,"column":2},"end":{"line":178,"column":35}},"72":{"start":{"line":192,"column":2},"end":{"line":192,"column":70}},"73":{"start":{"line":193,"column":2},"end":{"line":193,"column":72}},"74":{"start":{"line":194,"column":2},"end":{"line":194,"column":154}},"75":{"start":{"line":196,"column":2},"end":{"line":242,"column":3}},"76":{"start":{"line":198,"column":4},"end":{"line":201,"column":5}},"77":{"start":{"line":199,"column":6},"end":{"line":199,"column":95}},"78":{"start":{"line":200,"column":6},"end":{"line":200,"column":16}},"79":{"start":{"line":202,"column":4},"end":{"line":202,"column":94}},"80":{"start":{"line":204,"column":4},"end":{"line":207,"column":5}},"81":{"start":{"line":205,"column":6},"end":{"line":205,"column":77}},"82":{"start":{"line":206,"column":6},"end":{"line":206,"column":48}},"83":{"start":{"line":209,"column":41},"end":{"line":209,"column":58}},"84":{"start":{"line":210,"column":26},"end":{"line":210,"column":55}},"85":{"start":{"line":211,"column":19},"end":{"line":211,"column":47}},"86":{"start":{"line":213,"column":4},"end":{"line":213,"column":58}},"87":{"start":{"line":214,"column":27},"end":{"line":214,"column":60}},"88":{"start":{"line":215,"column":4},"end":{"line":218,"column":5}},"89":{"start":{"line":216,"column":7},"end":{"line":216,"column":99}},"90":{"start":{"line":217,"column":6},"end":{"line":217,"column":60}},"91":{"start":{"line":219,"column":5},"end":{"line":219,"column":92}},"92":{"start":{"line":221,"column":22},"end":{"line":221,"column":24}},"93":{"start":{"line":222,"column":21},"end":{"line":222,"column":23}},"94":{"start":{"line":224,"column":4},"end":{"line":224,"column":93}},"95":{"start":{"line":226,"column":5},"end":{"line":231,"column":5}},"96":{"start":{"line":226,"column":18},"end":{"line":226,"column":19}},"97":{"start":{"line":227,"column":21},"end":{"line":227,"column":50}},"98":{"start":{"line":228,"column":7},"end":{"line":228,"column":145}},"99":{"start":{"line":229,"column":27},"end":{"line":229,"column":94}},"100":{"start":{"line":230,"column":6},"end":{"line":230,"column":51}},"101":{"start":{"line":233,"column":4},"end":{"line":233,"column":106}},"102":{"start":{"line":235,"column":4},"end":{"line":237,"column":23}},"103":{"start":{"line":236,"column":22},"end":{"line":236,"column":39}},"104":{"start":{"line":239,"column":4},"end":{"line":239,"column":88}},"105":{"start":{"line":241,"column":4},"end":{"line":241,"column":16}},"106":{"start":{"line":255,"column":18},"end":{"line":255,"column":20}},"107":{"start":{"line":256,"column":17},"end":{"line":256,"column":29}},"108":{"start":{"line":258,"column":2},"end":{"line":345,"column":3}},"109":{"start":{"line":259,"column":20},"end":{"line":259,"column":49}},"110":{"start":{"line":260,"column":25},"end":{"line":260,"column":53}},"111":{"start":{"line":261,"column":16},"end":{"line":261,"column":48}},"112":{"start":{"line":263,"column":4},"end":{"line":263,"column":34}},"113":{"start":{"line":263,"column":25},"end":{"line":263,"column":34}},"114":{"start":{"line":266,"column":4},"end":{"line":270,"column":5}},"115":{"start":{"line":267,"column":6},"end":{"line":267,"column":28}},"116":{"start":{"line":268,"column":11},"end":{"line":270,"column":5}},"117":{"start":{"line":269,"column":6},"end":{"line":269,"column":24}},"118":{"start":{"line":272,"column":21},"end":{"line":272,"column":23}},"119":{"start":{"line":273,"column":4},"end":{"line":283,"column":5}},"120":{"start":{"line":274,"column":6},"end":{"line":274,"column":125}},"121":{"start":{"line":275,"column":6},"end":{"line":275,"column":35}},"122":{"start":{"line":276,"column":19},"end":{"line":276,"column":40}},"123":{"start":{"line":277,"column":6},"end":{"line":277,"column":66}},"124":{"start":{"line":278,"column":6},"end":{"line":278,"column":114}},"125":{"start":{"line":280,"column":6},"end":{"line":282,"column":7}},"126":{"start":{"line":281,"column":8},"end":{"line":281,"column":94}},"127":{"start":{"line":281,"column":71},"end":{"line":281,"column":77}},"128":{"start":{"line":285,"column":4},"end":{"line":344,"column":5}},"129":{"start":{"line":286,"column":6},"end":{"line":286,"column":108}},"130":{"start":{"line":287,"column":6},"end":{"line":315,"column":7}},"131":{"start":{"line":288,"column":22},"end":{"line":288,"column":77}},"132":{"start":{"line":290,"column":8},"end":{"line":290,"column":109}},"133":{"start":{"line":292,"column":26},"end":{"line":292,"column":59}},"134":{"start":{"line":293,"column":8},"end":{"line":296,"column":9}},"135":{"start":{"line":294,"column":12},"end":{"line":294,"column":112}},"136":{"start":{"line":295,"column":12},"end":{"line":295,"column":21}},"137":{"start":{"line":298,"column":27},"end":{"line":298,"column":79}},"138":{"start":{"line":299,"column":8},"end":{"line":299,"column":98}},"139":{"start":{"line":301,"column":32},"end":{"line":301,"column":63}},"140":{"start":{"line":302,"column":27},"end":{"line":302,"column":103}},"141":{"start":{"line":303,"column":27},"end":{"line":303,"column":86}},"142":{"start":{"line":305,"column":8},"end":{"line":314,"column":11}},"143":{"start":{"line":317,"column":6},"end":{"line":319,"column":7}},"144":{"start":{"line":318,"column":9},"end":{"line":318,"column":151}},"145":{"start":{"line":320,"column":6},"end":{"line":320,"column":84}},"146":{"start":{"line":321,"column":21},"end":{"line":321,"column":45}},"147":{"start":{"line":322,"column":6},"end":{"line":343,"column":7}},"148":{"start":{"line":324,"column":8},"end":{"line":324,"column":117}},"149":{"start":{"line":326,"column":26},"end":{"line":326,"column":59}},"150":{"start":{"line":327,"column":8},"end":{"line":330,"column":9}},"151":{"start":{"line":328,"column":10},"end":{"line":328,"column":124}},"152":{"start":{"line":329,"column":10},"end":{"line":329,"column":19}},"153":{"start":{"line":332,"column":27},"end":{"line":332,"column":79}},"154":{"start":{"line":333,"column":8},"end":{"line":333,"column":122}},"155":{"start":{"line":335,"column":8},"end":{"line":342,"column":11}},"156":{"start":{"line":347,"column":2},"end":{"line":347,"column":17}},"157":{"start":{"line":357,"column":21},"end":{"line":357,"column":23}},"158":{"start":{"line":360,"column":22},"end":{"line":364,"column":3}},"159":{"start":{"line":367,"column":24},"end":{"line":367,"column":26}},"160":{"start":{"line":368,"column":2},"end":{"line":379,"column":3}},"161":{"start":{"line":369,"column":4},"end":{"line":369,"column":46}},"162":{"start":{"line":370,"column":4},"end":{"line":370,"column":111}},"163":{"start":{"line":373,"column":4},"end":{"line":373,"column":56}},"164":{"start":{"line":374,"column":4},"end":{"line":378,"column":5}},"165":{"start":{"line":375,"column":8},"end":{"line":375,"column":126}},"166":{"start":{"line":377,"column":8},"end":{"line":377,"column":112}},"167":{"start":{"line":380,"column":28},"end":{"line":380,"column":52}},"168":{"start":{"line":383,"column":4},"end":{"line":429,"column":5}},"169":{"start":{"line":384,"column":27},"end":{"line":384,"column":29}},"170":{"start":{"line":386,"column":6},"end":{"line":392,"column":7}},"171":{"start":{"line":387,"column":8},"end":{"line":387,"column":36}},"172":{"start":{"line":388,"column":13},"end":{"line":392,"column":7}},"173":{"start":{"line":389,"column":8},"end":{"line":389,"column":33}},"174":{"start":{"line":390,"column":13},"end":{"line":392,"column":7}},"175":{"start":{"line":391,"column":8},"end":{"line":391,"column":36}},"176":{"start":{"line":394,"column":6},"end":{"line":428,"column":7}},"177":{"start":{"line":395,"column":25},"end":{"line":395,"column":29}},"178":{"start":{"line":396,"column":21},"end":{"line":396,"column":32}},"179":{"start":{"line":399,"column":10},"end":{"line":418,"column":11}},"180":{"start":{"line":400,"column":14},"end":{"line":400,"column":56}},"181":{"start":{"line":401,"column":14},"end":{"line":401,"column":35}},"182":{"start":{"line":402,"column":17},"end":{"line":418,"column":11}},"183":{"start":{"line":403,"column":14},"end":{"line":403,"column":56}},"184":{"start":{"line":404,"column":14},"end":{"line":404,"column":35}},"185":{"start":{"line":405,"column":17},"end":{"line":418,"column":11}},"186":{"start":{"line":406,"column":14},"end":{"line":406,"column":56}},"187":{"start":{"line":407,"column":14},"end":{"line":407,"column":35}},"188":{"start":{"line":408,"column":17},"end":{"line":418,"column":11}},"189":{"start":{"line":409,"column":33},"end":{"line":409,"column":98}},"190":{"start":{"line":409,"column":61},"end":{"line":409,"column":97}},"191":{"start":{"line":410,"column":14},"end":{"line":413,"column":15}},"192":{"start":{"line":411,"column":18},"end":{"line":411,"column":66}},"193":{"start":{"line":412,"column":18},"end":{"line":412,"column":39}},"194":{"start":{"line":416,"column":14},"end":{"line":416,"column":82}},"195":{"start":{"line":416,"column":53},"end":{"line":416,"column":80}},"196":{"start":{"line":417,"column":14},"end":{"line":417,"column":49}},"197":{"start":{"line":417,"column":28},"end":{"line":417,"column":49}},"198":{"start":{"line":420,"column":10},"end":{"line":427,"column":13}},"199":{"start":{"line":430,"column":4},"end":{"line":430,"column":57}},"200":{"start":{"line":430,"column":40},"end":{"line":430,"column":55}},"201":{"start":{"line":433,"column":2},"end":{"line":433,"column":26}},"202":{"start":{"line":434,"column":2},"end":{"line":434,"column":116}},"203":{"start":{"line":435,"column":2},"end":{"line":435,"column":20}},"204":{"start":{"line":444,"column":16},"end":{"line":444,"column":35}},"205":{"start":{"line":445,"column":17},"end":{"line":445,"column":19}},"206":{"start":{"line":446,"column":20},"end":{"line":446,"column":22}},"207":{"start":{"line":448,"column":2},"end":{"line":451,"column":3}},"208":{"start":{"line":448,"column":15},"end":{"line":448,"column":16}},"209":{"start":{"line":449,"column":18},"end":{"line":449,"column":58}},"210":{"start":{"line":450,"column":4},"end":{"line":450,"column":71}},"211":{"start":{"line":453,"column":2},"end":{"line":453,"column":16}},"212":{"start":{"line":463,"column":2},"end":{"line":479,"column":3}},"213":{"start":{"line":464,"column":4},"end":{"line":466,"column":5}},"214":{"start":{"line":465,"column":6},"end":{"line":465,"column":44}},"215":{"start":{"line":467,"column":21},"end":{"line":470,"column":6}},"216":{"start":{"line":471,"column":22},"end":{"line":471,"column":53}},"217":{"start":{"line":472,"column":4},"end":{"line":474,"column":5}},"218":{"start":{"line":472,"column":86},"end":{"line":472,"column":95}},"219":{"start":{"line":473,"column":6},"end":{"line":473,"column":52}},"220":{"start":{"line":475,"column":4},"end":{"line":475,"column":21}},"221":{"start":{"line":477,"column":4},"end":{"line":477,"column":74}},"222":{"start":{"line":478,"column":4},"end":{"line":478,"column":31}},"223":{"start":{"line":489,"column":2},"end":{"line":491,"column":3}},"224":{"start":{"line":489,"column":103},"end":{"line":489,"column":112}},"225":{"start":{"line":489,"column":135},"end":{"line":489,"column":144}},"226":{"start":{"line":490,"column":4},"end":{"line":490,"column":74}},"227":{"start":{"line":493,"column":19},"end":{"line":493,"column":20}},"228":{"start":{"line":494,"column":14},"end":{"line":494,"column":15}},"229":{"start":{"line":495,"column":14},"end":{"line":495,"column":15}},"230":{"start":{"line":497,"column":2},"end":{"line":501,"column":3}},"231":{"start":{"line":497,"column":15},"end":{"line":497,"column":16}},"232":{"start":{"line":498,"column":4},"end":{"line":498,"column":36}},"233":{"start":{"line":499,"column":4},"end":{"line":499,"column":31}},"234":{"start":{"line":500,"column":4},"end":{"line":500,"column":31}},"235":{"start":{"line":503,"column":2},"end":{"line":503,"column":27}},"236":{"start":{"line":504,"column":2},"end":{"line":504,"column":27}},"237":{"start":{"line":506,"column":2},"end":{"line":506,"column":43}},"238":{"start":{"line":506,"column":34},"end":{"line":506,"column":43}},"239":{"start":{"line":507,"column":2},"end":{"line":507,"column":38}},"240":{"start":{"line":520,"column":18},"end":{"line":520,"column":20}},"241":{"start":{"line":521,"column":19},"end":{"line":521,"column":77}},"242":{"start":{"line":521,"column":64},"end":{"line":521,"column":76}},"243":{"start":{"line":522,"column":17},"end":{"line":522,"column":29}},"244":{"start":{"line":524,"column":2},"end":{"line":587,"column":3}},"245":{"start":{"line":525,"column":4},"end":{"line":586,"column":5}},"246":{"start":{"line":526,"column":22},"end":{"line":526,"column":51}},"247":{"start":{"line":527,"column":27},"end":{"line":527,"column":55}},"248":{"start":{"line":528,"column":18},"end":{"line":528,"column":50}},"249":{"start":{"line":531,"column":6},"end":{"line":535,"column":7}},"250":{"start":{"line":532,"column":8},"end":{"line":532,"column":30}},"251":{"start":{"line":533,"column":13},"end":{"line":535,"column":7}},"252":{"start":{"line":534,"column":8},"end":{"line":534,"column":26}},"253":{"start":{"line":537,"column":23},"end":{"line":537,"column":25}},"254":{"start":{"line":538,"column":6},"end":{"line":542,"column":7}},"255":{"start":{"line":539,"column":8},"end":{"line":539,"column":37}},"256":{"start":{"line":540,"column":21},"end":{"line":540,"column":42}},"257":{"start":{"line":541,"column":8},"end":{"line":541,"column":68}},"258":{"start":{"line":544,"column":6},"end":{"line":583,"column":7}},"259":{"start":{"line":545,"column":8},"end":{"line":563,"column":9}},"260":{"start":{"line":546,"column":24},"end":{"line":546,"column":93}},"261":{"start":{"line":547,"column":27},"end":{"line":547,"column":28}},"262":{"start":{"line":548,"column":10},"end":{"line":550,"column":11}},"263":{"start":{"line":549,"column":12},"end":{"line":549,"column":57}},"264":{"start":{"line":549,"column":41},"end":{"line":549,"column":57}},"265":{"start":{"line":551,"column":10},"end":{"line":562,"column":11}},"266":{"start":{"line":552,"column":12},"end":{"line":561,"column":15}},"267":{"start":{"line":565,"column":22},"end":{"line":565,"column":41}},"268":{"start":{"line":566,"column":8},"end":{"line":582,"column":9}},"269":{"start":{"line":566,"column":21},"end":{"line":566,"column":22}},"270":{"start":{"line":567,"column":23},"end":{"line":567,"column":45}},"271":{"start":{"line":568,"column":27},"end":{"line":568,"column":28}},"272":{"start":{"line":569,"column":10},"end":{"line":571,"column":11}},"273":{"start":{"line":570,"column":12},"end":{"line":570,"column":56}},"274":{"start":{"line":570,"column":40},"end":{"line":570,"column":56}},"275":{"start":{"line":572,"column":10},"end":{"line":581,"column":11}},"276":{"start":{"line":573,"column":12},"end":{"line":580,"column":15}},"277":{"start":{"line":585,"column":6},"end":{"line":585,"column":15}},"278":{"start":{"line":589,"column":2},"end":{"line":591,"column":21}},"279":{"start":{"line":590,"column":20},"end":{"line":590,"column":37}},"280":{"start":{"line":601,"column":2},"end":{"line":619,"column":3}},"281":{"start":{"line":602,"column":4},"end":{"line":618,"column":5}},"282":{"start":{"line":603,"column":22},"end":{"line":603,"column":58}},"283":{"start":{"line":604,"column":20},"end":{"line":604,"column":39}},"284":{"start":{"line":606,"column":24},"end":{"line":606,"column":72}},"285":{"start":{"line":607,"column":22},"end":{"line":607,"column":83}},"286":{"start":{"line":609,"column":29},"end":{"line":609,"column":75}},"287":{"start":{"line":611,"column":6},"end":{"line":611,"column":39}},"288":{"start":{"line":612,"column":6},"end":{"line":612,"column":35}},"289":{"start":{"line":613,"column":6},"end":{"line":613,"column":38}},"290":{"start":{"line":614,"column":6},"end":{"line":614,"column":47}},"291":{"start":{"line":615,"column":6},"end":{"line":615,"column":43}},"292":{"start":{"line":617,"column":6},"end":{"line":617,"column":15}},"293":{"start":{"line":621,"column":2},"end":{"line":621,"column":17}},"294":{"start":{"line":631,"column":58},"end":{"line":631,"column":71}},"295":{"start":{"line":632,"column":31},"end":{"line":632,"column":34}},"296":{"start":{"line":634,"column":2},"end":{"line":682,"column":3}},"297":{"start":{"line":636,"column":6},"end":{"line":636,"column":52}},"298":{"start":{"line":639,"column":6},"end":{"line":639,"column":47}},"299":{"start":{"line":643,"column":19},"end":{"line":643,"column":66}},"300":{"start":{"line":644,"column":6},"end":{"line":644,"column":121}},"301":{"start":{"line":646,"column":6},"end":{"line":649,"column":7}},"302":{"start":{"line":647,"column":8},"end":{"line":647,"column":62}},"303":{"start":{"line":648,"column":8},"end":{"line":648,"column":22}},"304":{"start":{"line":651,"column":6},"end":{"line":679,"column":7}},"305":{"start":{"line":651,"column":19},"end":{"line":651,"column":20}},"306":{"start":{"line":652,"column":23},"end":{"line":652,"column":33}},"307":{"start":{"line":653,"column":8},"end":{"line":653,"column":96}},"308":{"start":{"line":654,"column":8},"end":{"line":654,"column":57}},"309":{"start":{"line":657,"column":8},"end":{"line":659,"column":9}},"310":{"start":{"line":658,"column":10},"end":{"line":658,"column":106}},"311":{"start":{"line":661,"column":8},"end":{"line":664,"column":9}},"312":{"start":{"line":662,"column":24},"end":{"line":662,"column":137}},"313":{"start":{"line":663,"column":10},"end":{"line":663,"column":81}},"314":{"start":{"line":665,"column":8},"end":{"line":665,"column":23}},"315":{"start":{"line":667,"column":22},"end":{"line":667,"column":48}},"316":{"start":{"line":668,"column":8},"end":{"line":677,"column":9}},"317":{"start":{"line":668,"column":21},"end":{"line":668,"column":22}},"318":{"start":{"line":669,"column":26},"end":{"line":669,"column":46}},"319":{"start":{"line":670,"column":29},"end":{"line":670,"column":59}},"320":{"start":{"line":674,"column":32},"end":{"line":674,"column":36}},"321":{"start":{"line":675,"column":30},"end":{"line":675,"column":79}},"322":{"start":{"line":676,"column":10},"end":{"line":676,"column":72}},"323":{"start":{"line":678,"column":8},"end":{"line":678,"column":23}},"324":{"start":{"line":681,"column":6},"end":{"line":681,"column":20}},"325":{"start":{"line":691,"column":58},"end":{"line":691,"column":71}},"326":{"start":{"line":693,"column":20},"end":{"line":693,"column":22}},"327":{"start":{"line":694,"column":2},"end":{"line":732,"column":3}},"328":{"start":{"line":694,"column":15},"end":{"line":694,"column":16}},"329":{"start":{"line":695,"column":19},"end":{"line":695,"column":29}},"330":{"start":{"line":696,"column":18},"end":{"line":696,"column":44}},"331":{"start":{"line":698,"column":20},"end":{"line":698,"column":22}},"332":{"start":{"line":699,"column":4},"end":{"line":713,"column":5}},"333":{"start":{"line":699,"column":17},"end":{"line":699,"column":18}},"334":{"start":{"line":700,"column":22},"end":{"line":700,"column":42}},"335":{"start":{"line":701,"column":28},"end":{"line":701,"column":136}},"336":{"start":{"line":703,"column":26},"end":{"line":706,"column":30}},"337":{"start":{"line":708,"column":24},"end":{"line":708,"column":58}},"338":{"start":{"line":709,"column":6},"end":{"line":712,"column":15}},"339":{"start":{"line":715,"column":26},"end":{"line":715,"column":166}},"340":{"start":{"line":717,"column":4},"end":{"line":731,"column":6}},"341":{"start":{"line":734,"column":2},"end":{"line":875,"column":9}},"342":{"start":{"line":878,"column":0},"end":{"line":881,"column":2}}},"fnMap":{"0":{"name":"isIgnored","decl":{"start":{"line":26,"column":9},"end":{"line":26,"column":18}},"loc":{"start":{"line":26,"column":80},"end":{"line":33,"column":1}},"line":26},"1":{"name":"(anonymous_1)","decl":{"start":{"line":29,"column":29},"end":{"line":29,"column":30}},"loc":{"start":{"line":29,"column":40},"end":{"line":32,"column":3}},"line":29},"2":{"name":"searchCodebase","decl":{"start":{"line":48,"column":15},"end":{"line":48,"column":29}},"loc":{"start":{"line":48,"column":39},"end":{"line":106,"column":1}},"line":48},"3":{"name":"findCodeFiles","decl":{"start":{"line":114,"column":15},"end":{"line":114,"column":28}},"loc":{"start":{"line":114,"column":54},"end":{"line":179,"column":1}},"line":114},"4":{"name":"(anonymous_4)","decl":{"start":{"line":122,"column":26},"end":{"line":122,"column":27}},"loc":{"start":{"line":122,"column":33},"end":{"line":122,"column":56}},"line":122},"5":{"name":"walkSync","decl":{"start":{"line":127,"column":11},"end":{"line":127,"column":19}},"loc":{"start":{"line":127,"column":36},"end":{"line":169,"column":3}},"line":127},"6":{"name":"performSemanticSearch","decl":{"start":{"line":191,"column":15},"end":{"line":191,"column":36}},"loc":{"start":{"line":191,"column":89},"end":{"line":243,"column":1}},"line":191},"7":{"name":"(anonymous_7)","decl":{"start":{"line":236,"column":12},"end":{"line":236,"column":13}},"loc":{"start":{"line":236,"column":22},"end":{"line":236,"column":39}},"line":236},"8":{"name":"processBatch","decl":{"start":{"line":254,"column":15},"end":{"line":254,"column":27}},"loc":{"start":{"line":254,"column":82},"end":{"line":348,"column":1}},"line":254},"9":{"name":"(anonymous_9)","decl":{"start":{"line":281,"column":66},"end":{"line":281,"column":67}},"loc":{"start":{"line":281,"column":71},"end":{"line":281,"column":77}},"line":281},"10":{"name":"extractConstructs","decl":{"start":{"line":356,"column":9},"end":{"line":356,"column":26}},"loc":{"start":{"line":356,"column":45},"end":{"line":436,"column":1}},"line":356},"11":{"name":"traverse","decl":{"start":{"line":382,"column":11},"end":{"line":382,"column":19}},"loc":{"start":{"line":382,"column":26},"end":{"line":431,"column":3}},"line":382},"12":{"name":"(anonymous_12)","decl":{"start":{"line":409,"column":52},"end":{"line":409,"column":53}},"loc":{"start":{"line":409,"column":61},"end":{"line":409,"column":97}},"line":409},"13":{"name":"(anonymous_13)","decl":{"start":{"line":416,"column":44},"end":{"line":416,"column":45}},"loc":{"start":{"line":416,"column":53},"end":{"line":416,"column":80}},"line":416},"14":{"name":"(anonymous_14)","decl":{"start":{"line":430,"column":31},"end":{"line":430,"column":32}},"loc":{"start":{"line":430,"column":40},"end":{"line":430,"column":55}},"line":430},"15":{"name":"splitIntoChunks","decl":{"start":{"line":443,"column":9},"end":{"line":443,"column":24}},"loc":{"start":{"line":443,"column":34},"end":{"line":454,"column":1}},"line":443},"16":{"name":"getEmbedding","decl":{"start":{"line":462,"column":15},"end":{"line":462,"column":27}},"loc":{"start":{"line":462,"column":42},"end":{"line":480,"column":1}},"line":462},"17":{"name":"(anonymous_17)","decl":{"start":{"line":472,"column":79},"end":{"line":472,"column":80}},"loc":{"start":{"line":472,"column":86},"end":{"line":472,"column":95}},"line":472},"18":{"name":"calculateCosineSimilarity","decl":{"start":{"line":488,"column":9},"end":{"line":488,"column":34}},"loc":{"start":{"line":488,"column":47},"end":{"line":508,"column":1}},"line":488},"19":{"name":"(anonymous_19)","decl":{"start":{"line":489,"column":96},"end":{"line":489,"column":97}},"loc":{"start":{"line":489,"column":103},"end":{"line":489,"column":112}},"line":489},"20":{"name":"(anonymous_20)","decl":{"start":{"line":489,"column":128},"end":{"line":489,"column":129}},"loc":{"start":{"line":489,"column":135},"end":{"line":489,"column":144}},"line":489},"21":{"name":"performSimpleSearch","decl":{"start":{"line":519,"column":15},"end":{"line":519,"column":34}},"loc":{"start":{"line":519,"column":79},"end":{"line":592,"column":1}},"line":519},"22":{"name":"(anonymous_22)","decl":{"start":{"line":521,"column":59},"end":{"line":521,"column":60}},"loc":{"start":{"line":521,"column":64},"end":{"line":521,"column":76}},"line":521},"23":{"name":"(anonymous_23)","decl":{"start":{"line":590,"column":10},"end":{"line":590,"column":11}},"loc":{"start":{"line":590,"column":20},"end":{"line":590,"column":37}},"line":590},"24":{"name":"addContextToResults","decl":{"start":{"line":600,"column":15},"end":{"line":600,"column":34}},"loc":{"start":{"line":600,"column":58},"end":{"line":622,"column":1}},"line":600},"25":{"name":"formatSearchResults","decl":{"start":{"line":630,"column":9},"end":{"line":630,"column":28}},"loc":{"start":{"line":630,"column":61},"end":{"line":683,"column":1}},"line":630},"26":{"name":"generateHtmlOutput","decl":{"start":{"line":690,"column":9},"end":{"line":690,"column":27}},"loc":{"start":{"line":690,"column":43},"end":{"line":876,"column":1}},"line":690}},"branchMap":{"0":{"loc":{"start":{"line":26,"column":29},"end":{"line":26,"column":69}},"type":"default-arg","locations":[{"start":{"line":26,"column":46},"end":{"line":26,"column":69}}],"line":26},"1":{"loc":{"start":{"line":51,"column":4},"end":{"line":51,"column":19}},"type":"default-arg","locations":[{"start":{"line":51,"column":16},"end":{"line":51,"column":19}}],"line":51},"2":{"loc":{"start":{"line":52,"column":4},"end":{"line":52,"column":14}},"type":"default-arg","locations":[{"start":{"line":52,"column":12},"end":{"line":52,"column":14}}],"line":52},"3":{"loc":{"start":{"line":53,"column":4},"end":{"line":53,"column":15}},"type":"default-arg","locations":[{"start":{"line":53,"column":14},"end":{"line":53,"column":15}}],"line":53},"4":{"loc":{"start":{"line":55,"column":4},"end":{"line":55,"column":24}},"type":"default-arg","locations":[{"start":{"line":55,"column":20},"end":{"line":55,"column":24}}],"line":55},"5":{"loc":{"start":{"line":56,"column":4},"end":{"line":56,"column":16}},"type":"default-arg","locations":[{"start":{"line":56,"column":14},"end":{"line":56,"column":16}}],"line":56},"6":{"loc":{"start":{"line":57,"column":4},"end":{"line":57,"column":19}},"type":"default-arg","locations":[{"start":{"line":57,"column":17},"end":{"line":57,"column":19}}],"line":57},"7":{"loc":{"start":{"line":65,"column":2},"end":{"line":69,"column":3}},"type":"if","locations":[{"start":{"line":65,"column":2},"end":{"line":69,"column":3}},{"start":{},"end":{}}],"line":65},"8":{"loc":{"start":{"line":65,"column":6},"end":{"line":65,"column":34}},"type":"binary-expr","locations":[{"start":{"line":65,"column":6},"end":{"line":65,"column":12}},{"start":{"line":65,"column":16},"end":{"line":65,"column":34}}],"line":65},"9":{"loc":{"start":{"line":68,"column":65},"end":{"line":68,"column":88}},"type":"binary-expr","locations":[{"start":{"line":68,"column":65},"end":{"line":68,"column":78}},{"start":{"line":68,"column":82},"end":{"line":68,"column":88}}],"line":68},"10":{"loc":{"start":{"line":72,"column":2},"end":{"line":85,"column":3}},"type":"if","locations":[{"start":{"line":72,"column":2},"end":{"line":85,"column":3}},{"start":{"line":81,"column":9},"end":{"line":85,"column":3}}],"line":72},"11":{"loc":{"start":{"line":72,"column":6},"end":{"line":72,"column":29}},"type":"binary-expr","locations":[{"start":{"line":72,"column":6},"end":{"line":72,"column":19}},{"start":{"line":72,"column":23},"end":{"line":72,"column":29}}],"line":72},"12":{"loc":{"start":{"line":76,"column":149},"end":{"line":76,"column":208}},"type":"cond-expr","locations":[{"start":{"line":76,"column":180},"end":{"line":76,"column":200}},{"start":{"line":76,"column":203},"end":{"line":76,"column":208}}],"line":76},"13":{"loc":{"start":{"line":87,"column":2},"end":{"line":90,"column":3}},"type":"if","locations":[{"start":{"line":87,"column":2},"end":{"line":90,"column":3}},{"start":{},"end":{}}],"line":87},"14":{"loc":{"start":{"line":100,"column":20},"end":{"line":100,"column":43}},"type":"binary-expr","locations":[{"start":{"line":100,"column":20},"end":{"line":100,"column":33}},{"start":{"line":100,"column":37},"end":{"line":100,"column":43}}],"line":100},"15":{"loc":{"start":{"line":105,"column":103},"end":{"line":105,"column":126}},"type":"binary-expr","locations":[{"start":{"line":105,"column":103},"end":{"line":105,"column":116}},{"start":{"line":105,"column":120},"end":{"line":105,"column":126}}],"line":105},"16":{"loc":{"start":{"line":114,"column":40},"end":{"line":114,"column":52}},"type":"default-arg","locations":[{"start":{"line":114,"column":50},"end":{"line":114,"column":52}}],"line":114},"17":{"loc":{"start":{"line":121,"column":28},"end":{"line":123,"column":10}},"type":"cond-expr","locations":[{"start":{"line":122,"column":6},"end":{"line":122,"column":58}},{"start":{"line":123,"column":6},"end":{"line":123,"column":10}}],"line":121},"18":{"loc":{"start":{"line":135,"column":8},"end":{"line":138,"column":9}},"type":"if","locations":[{"start":{"line":135,"column":8},"end":{"line":138,"column":9}},{"start":{},"end":{}}],"line":135},"19":{"loc":{"start":{"line":143,"column":10},"end":{"line":161,"column":11}},"type":"if","locations":[{"start":{"line":143,"column":10},"end":{"line":161,"column":11}},{"start":{"line":145,"column":17},"end":{"line":161,"column":11}}],"line":143},"20":{"loc":{"start":{"line":145,"column":17},"end":{"line":161,"column":11}},"type":"if","locations":[{"start":{"line":145,"column":17},"end":{"line":161,"column":11}},{"start":{},"end":{}}],"line":145},"21":{"loc":{"start":{"line":149,"column":12},"end":{"line":160,"column":13}},"type":"if","locations":[{"start":{"line":149,"column":12},"end":{"line":160,"column":13}},{"start":{"line":153,"column":19},"end":{"line":160,"column":13}}],"line":149},"22":{"loc":{"start":{"line":150,"column":14},"end":{"line":152,"column":15}},"type":"if","locations":[{"start":{"line":150,"column":14},"end":{"line":152,"column":15}},{"start":{},"end":{}}],"line":150},"23":{"loc":{"start":{"line":157,"column":14},"end":{"line":159,"column":15}},"type":"if","locations":[{"start":{"line":157,"column":14},"end":{"line":159,"column":15}},{"start":{},"end":{}}],"line":157},"24":{"loc":{"start":{"line":171,"column":2},"end":{"line":174,"column":3}},"type":"if","locations":[{"start":{"line":171,"column":2},"end":{"line":174,"column":3}},{"start":{},"end":{}}],"line":171},"25":{"loc":{"start":{"line":191,"column":75},"end":{"line":191,"column":87}},"type":"default-arg","locations":[{"start":{"line":191,"column":85},"end":{"line":191,"column":87}}],"line":191},"26":{"loc":{"start":{"line":198,"column":4},"end":{"line":201,"column":5}},"type":"if","locations":[{"start":{"line":198,"column":4},"end":{"line":201,"column":5}},{"start":{},"end":{}}],"line":198},"27":{"loc":{"start":{"line":198,"column":8},"end":{"line":198,"column":36}},"type":"binary-expr","locations":[{"start":{"line":198,"column":8},"end":{"line":198,"column":14}},{"start":{"line":198,"column":18},"end":{"line":198,"column":36}}],"line":198},"28":{"loc":{"start":{"line":204,"column":4},"end":{"line":207,"column":5}},"type":"if","locations":[{"start":{"line":204,"column":4},"end":{"line":207,"column":5}},{"start":{},"end":{}}],"line":204},"29":{"loc":{"start":{"line":204,"column":8},"end":{"line":204,"column":45}},"type":"binary-expr","locations":[{"start":{"line":204,"column":8},"end":{"line":204,"column":15}},{"start":{"line":204,"column":19},"end":{"line":204,"column":45}}],"line":204},"30":{"loc":{"start":{"line":215,"column":4},"end":{"line":218,"column":5}},"type":"if","locations":[{"start":{"line":215,"column":4},"end":{"line":218,"column":5}},{"start":{},"end":{}}],"line":215},"31":{"loc":{"start":{"line":254,"column":68},"end":{"line":254,"column":80}},"type":"default-arg","locations":[{"start":{"line":254,"column":78},"end":{"line":254,"column":80}}],"line":254},"32":{"loc":{"start":{"line":263,"column":4},"end":{"line":263,"column":34}},"type":"if","locations":[{"start":{"line":263,"column":4},"end":{"line":263,"column":34}},{"start":{},"end":{}}],"line":263},"33":{"loc":{"start":{"line":266,"column":4},"end":{"line":270,"column":5}},"type":"if","locations":[{"start":{"line":266,"column":4},"end":{"line":270,"column":5}},{"start":{"line":268,"column":11},"end":{"line":270,"column":5}}],"line":266},"34":{"loc":{"start":{"line":268,"column":11},"end":{"line":270,"column":5}},"type":"if","locations":[{"start":{"line":268,"column":11},"end":{"line":270,"column":5}},{"start":{},"end":{}}],"line":268},"35":{"loc":{"start":{"line":273,"column":4},"end":{"line":283,"column":5}},"type":"if","locations":[{"start":{"line":273,"column":4},"end":{"line":283,"column":5}},{"start":{},"end":{}}],"line":273},"36":{"loc":{"start":{"line":273,"column":8},"end":{"line":273,"column":41}},"type":"binary-expr","locations":[{"start":{"line":273,"column":8},"end":{"line":273,"column":29}},{"start":{"line":273,"column":33},"end":{"line":273,"column":41}}],"line":273},"37":{"loc":{"start":{"line":280,"column":6},"end":{"line":282,"column":7}},"type":"if","locations":[{"start":{"line":280,"column":6},"end":{"line":282,"column":7}},{"start":{},"end":{}}],"line":280},"38":{"loc":{"start":{"line":285,"column":4},"end":{"line":344,"column":5}},"type":"if","locations":[{"start":{"line":285,"column":4},"end":{"line":344,"column":5}},{"start":{"line":316,"column":11},"end":{"line":344,"column":5}}],"line":285},"39":{"loc":{"start":{"line":293,"column":8},"end":{"line":296,"column":9}},"type":"if","locations":[{"start":{"line":293,"column":8},"end":{"line":296,"column":9}},{"start":{},"end":{}}],"line":293},"40":{"loc":{"start":{"line":293,"column":12},"end":{"line":293,"column":71}},"type":"binary-expr","locations":[{"start":{"line":293,"column":12},"end":{"line":293,"column":37}},{"start":{"line":293,"column":41},"end":{"line":293,"column":71}}],"line":293},"41":{"loc":{"start":{"line":302,"column":27},"end":{"line":302,"column":103}},"type":"cond-expr","locations":[{"start":{"line":302,"column":59},"end":{"line":302,"column":62}},{"start":{"line":302,"column":65},"end":{"line":302,"column":103}}],"line":302},"42":{"loc":{"start":{"line":302,"column":65},"end":{"line":302,"column":103}},"type":"cond-expr","locations":[{"start":{"line":302,"column":94},"end":{"line":302,"column":97}},{"start":{"line":302,"column":100},"end":{"line":302,"column":103}}],"line":302},"43":{"loc":{"start":{"line":313,"column":25},"end":{"line":313,"column":54}},"type":"binary-expr","locations":[{"start":{"line":313,"column":25},"end":{"line":313,"column":39}},{"start":{"line":313,"column":43},"end":{"line":313,"column":54}}],"line":313},"44":{"loc":{"start":{"line":317,"column":6},"end":{"line":319,"column":7}},"type":"if","locations":[{"start":{"line":317,"column":6},"end":{"line":319,"column":7}},{"start":{},"end":{}}],"line":317},"45":{"loc":{"start":{"line":327,"column":8},"end":{"line":330,"column":9}},"type":"if","locations":[{"start":{"line":327,"column":8},"end":{"line":330,"column":9}},{"start":{},"end":{}}],"line":327},"46":{"loc":{"start":{"line":327,"column":12},"end":{"line":327,"column":71}},"type":"binary-expr","locations":[{"start":{"line":327,"column":12},"end":{"line":327,"column":37}},{"start":{"line":327,"column":41},"end":{"line":327,"column":71}}],"line":327},"47":{"loc":{"start":{"line":368,"column":2},"end":{"line":379,"column":3}},"type":"if","locations":[{"start":{"line":368,"column":2},"end":{"line":379,"column":3}},{"start":{"line":371,"column":9},"end":{"line":379,"column":3}}],"line":368},"48":{"loc":{"start":{"line":368,"column":6},"end":{"line":368,"column":43}},"type":"binary-expr","locations":[{"start":{"line":368,"column":6},"end":{"line":368,"column":16}},{"start":{"line":368,"column":20},"end":{"line":368,"column":43}}],"line":368},"49":{"loc":{"start":{"line":374,"column":4},"end":{"line":378,"column":5}},"type":"if","locations":[{"start":{"line":374,"column":4},"end":{"line":378,"column":5}},{"start":{"line":376,"column":11},"end":{"line":378,"column":5}}],"line":374},"50":{"loc":{"start":{"line":383,"column":4},"end":{"line":429,"column":5}},"type":"if","locations":[{"start":{"line":383,"column":4},"end":{"line":429,"column":5}},{"start":{},"end":{}}],"line":383},"51":{"loc":{"start":{"line":386,"column":6},"end":{"line":392,"column":7}},"type":"if","locations":[{"start":{"line":386,"column":6},"end":{"line":392,"column":7}},{"start":{"line":388,"column":13},"end":{"line":392,"column":7}}],"line":386},"52":{"loc":{"start":{"line":388,"column":13},"end":{"line":392,"column":7}},"type":"if","locations":[{"start":{"line":388,"column":13},"end":{"line":392,"column":7}},{"start":{"line":390,"column":13},"end":{"line":392,"column":7}}],"line":388},"53":{"loc":{"start":{"line":390,"column":13},"end":{"line":392,"column":7}},"type":"if","locations":[{"start":{"line":390,"column":13},"end":{"line":392,"column":7}},{"start":{},"end":{}}],"line":390},"54":{"loc":{"start":{"line":394,"column":6},"end":{"line":428,"column":7}},"type":"if","locations":[{"start":{"line":394,"column":6},"end":{"line":428,"column":7}},{"start":{},"end":{}}],"line":394},"55":{"loc":{"start":{"line":399,"column":10},"end":{"line":418,"column":11}},"type":"if","locations":[{"start":{"line":399,"column":10},"end":{"line":418,"column":11}},{"start":{"line":402,"column":17},"end":{"line":418,"column":11}}],"line":399},"56":{"loc":{"start":{"line":399,"column":14},"end":{"line":399,"column":160}},"type":"binary-expr","locations":[{"start":{"line":399,"column":15},"end":{"line":399,"column":51}},{"start":{"line":399,"column":55},"end":{"line":399,"column":88}},{"start":{"line":399,"column":92},"end":{"line":399,"column":125}},{"start":{"line":399,"column":130},"end":{"line":399,"column":160}}],"line":399},"57":{"loc":{"start":{"line":402,"column":17},"end":{"line":418,"column":11}},"type":"if","locations":[{"start":{"line":402,"column":17},"end":{"line":418,"column":11}},{"start":{"line":405,"column":17},"end":{"line":418,"column":11}}],"line":402},"58":{"loc":{"start":{"line":402,"column":21},"end":{"line":402,"column":87}},"type":"binary-expr","locations":[{"start":{"line":402,"column":21},"end":{"line":402,"column":53}},{"start":{"line":402,"column":57},"end":{"line":402,"column":87}}],"line":402},"59":{"loc":{"start":{"line":405,"column":17},"end":{"line":418,"column":11}},"type":"if","locations":[{"start":{"line":405,"column":17},"end":{"line":418,"column":11}},{"start":{"line":408,"column":17},"end":{"line":418,"column":11}}],"line":405},"60":{"loc":{"start":{"line":405,"column":21},"end":{"line":405,"column":90}},"type":"binary-expr","locations":[{"start":{"line":405,"column":21},"end":{"line":405,"column":56}},{"start":{"line":405,"column":60},"end":{"line":405,"column":90}}],"line":405},"61":{"loc":{"start":{"line":408,"column":17},"end":{"line":418,"column":11}},"type":"if","locations":[{"start":{"line":408,"column":17},"end":{"line":418,"column":11}},{"start":{"line":414,"column":17},"end":{"line":418,"column":11}}],"line":408},"62":{"loc":{"start":{"line":410,"column":14},"end":{"line":413,"column":15}},"type":"if","locations":[{"start":{"line":410,"column":14},"end":{"line":413,"column":15}},{"start":{},"end":{}}],"line":410},"63":{"loc":{"start":{"line":410,"column":18},"end":{"line":410,"column":68}},"type":"binary-expr","locations":[{"start":{"line":410,"column":18},"end":{"line":410,"column":28}},{"start":{"line":410,"column":32},"end":{"line":410,"column":68}}],"line":410},"64":{"loc":{"start":{"line":417,"column":14},"end":{"line":417,"column":49}},"type":"if","locations":[{"start":{"line":417,"column":14},"end":{"line":417,"column":49}},{"start":{},"end":{}}],"line":417},"65":{"loc":{"start":{"line":464,"column":4},"end":{"line":466,"column":5}},"type":"if","locations":[{"start":{"line":464,"column":4},"end":{"line":466,"column":5}},{"start":{},"end":{}}],"line":464},"66":{"loc":{"start":{"line":464,"column":8},"end":{"line":464,"column":69}},"type":"binary-expr","locations":[{"start":{"line":464,"column":8},"end":{"line":464,"column":13}},{"start":{"line":464,"column":17},"end":{"line":464,"column":41}},{"start":{"line":464,"column":45},"end":{"line":464,"column":69}}],"line":464},"67":{"loc":{"start":{"line":472,"column":4},"end":{"line":474,"column":5}},"type":"if","locations":[{"start":{"line":472,"column":4},"end":{"line":474,"column":5}},{"start":{},"end":{}}],"line":472},"68":{"loc":{"start":{"line":472,"column":8},"end":{"line":472,"column":96}},"type":"binary-expr","locations":[{"start":{"line":472,"column":8},"end":{"line":472,"column":33}},{"start":{"line":472,"column":37},"end":{"line":472,"column":59}},{"start":{"line":472,"column":63},"end":{"line":472,"column":96}}],"line":472},"69":{"loc":{"start":{"line":489,"column":2},"end":{"line":491,"column":3}},"type":"if","locations":[{"start":{"line":489,"column":2},"end":{"line":491,"column":3}},{"start":{},"end":{}}],"line":489},"70":{"loc":{"start":{"line":489,"column":6},"end":{"line":489,"column":145}},"type":"binary-expr","locations":[{"start":{"line":489,"column":6},"end":{"line":489,"column":26}},{"start":{"line":489,"column":30},"end":{"line":489,"column":50}},{"start":{"line":489,"column":54},"end":{"line":489,"column":81}},{"start":{"line":489,"column":85},"end":{"line":489,"column":113}},{"start":{"line":489,"column":117},"end":{"line":489,"column":145}}],"line":489},"71":{"loc":{"start":{"line":506,"column":2},"end":{"line":506,"column":43}},"type":"if","locations":[{"start":{"line":506,"column":2},"end":{"line":506,"column":43}},{"start":{},"end":{}}],"line":506},"72":{"loc":{"start":{"line":506,"column":6},"end":{"line":506,"column":32}},"type":"binary-expr","locations":[{"start":{"line":506,"column":6},"end":{"line":506,"column":17}},{"start":{"line":506,"column":21},"end":{"line":506,"column":32}}],"line":506},"73":{"loc":{"start":{"line":519,"column":65},"end":{"line":519,"column":77}},"type":"default-arg","locations":[{"start":{"line":519,"column":75},"end":{"line":519,"column":77}}],"line":519},"74":{"loc":{"start":{"line":531,"column":6},"end":{"line":535,"column":7}},"type":"if","locations":[{"start":{"line":531,"column":6},"end":{"line":535,"column":7}},{"start":{"line":533,"column":13},"end":{"line":535,"column":7}}],"line":531},"75":{"loc":{"start":{"line":533,"column":13},"end":{"line":535,"column":7}},"type":"if","locations":[{"start":{"line":533,"column":13},"end":{"line":535,"column":7}},{"start":{},"end":{}}],"line":533},"76":{"loc":{"start":{"line":538,"column":6},"end":{"line":542,"column":7}},"type":"if","locations":[{"start":{"line":538,"column":6},"end":{"line":542,"column":7}},{"start":{},"end":{}}],"line":538},"77":{"loc":{"start":{"line":538,"column":10},"end":{"line":538,"column":43}},"type":"binary-expr","locations":[{"start":{"line":538,"column":10},"end":{"line":538,"column":31}},{"start":{"line":538,"column":35},"end":{"line":538,"column":43}}],"line":538},"78":{"loc":{"start":{"line":544,"column":6},"end":{"line":583,"column":7}},"type":"if","locations":[{"start":{"line":544,"column":6},"end":{"line":583,"column":7}},{"start":{"line":564,"column":13},"end":{"line":583,"column":7}}],"line":544},"79":{"loc":{"start":{"line":549,"column":12},"end":{"line":549,"column":57}},"type":"if","locations":[{"start":{"line":549,"column":12},"end":{"line":549,"column":57}},{"start":{},"end":{}}],"line":549},"80":{"loc":{"start":{"line":551,"column":10},"end":{"line":562,"column":11}},"type":"if","locations":[{"start":{"line":551,"column":10},"end":{"line":562,"column":11}},{"start":{},"end":{}}],"line":551},"81":{"loc":{"start":{"line":560,"column":29},"end":{"line":560,"column":58}},"type":"binary-expr","locations":[{"start":{"line":560,"column":29},"end":{"line":560,"column":43}},{"start":{"line":560,"column":47},"end":{"line":560,"column":58}}],"line":560},"82":{"loc":{"start":{"line":570,"column":12},"end":{"line":570,"column":56}},"type":"if","locations":[{"start":{"line":570,"column":12},"end":{"line":570,"column":56}},{"start":{},"end":{}}],"line":570},"83":{"loc":{"start":{"line":572,"column":10},"end":{"line":581,"column":11}},"type":"if","locations":[{"start":{"line":572,"column":10},"end":{"line":581,"column":11}},{"start":{},"end":{}}],"line":572},"84":{"loc":{"start":{"line":630,"column":44},"end":{"line":630,"column":59}},"type":"default-arg","locations":[{"start":{"line":630,"column":53},"end":{"line":630,"column":59}}],"line":630},"85":{"loc":{"start":{"line":634,"column":2},"end":{"line":682,"column":3}},"type":"switch","locations":[{"start":{"line":635,"column":4},"end":{"line":636,"column":52}},{"start":{"line":638,"column":4},"end":{"line":639,"column":47}},{"start":{"line":641,"column":4},"end":{"line":641,"column":16}},{"start":{"line":642,"column":4},"end":{"line":681,"column":20}}],"line":634},"86":{"loc":{"start":{"line":644,"column":66},"end":{"line":644,"column":105}},"type":"cond-expr","locations":[{"start":{"line":644,"column":83},"end":{"line":644,"column":93}},{"start":{"line":644,"column":96},"end":{"line":644,"column":105}}],"line":644},"87":{"loc":{"start":{"line":646,"column":6},"end":{"line":649,"column":7}},"type":"if","locations":[{"start":{"line":646,"column":6},"end":{"line":649,"column":7}},{"start":{},"end":{}}],"line":646},"88":{"loc":{"start":{"line":657,"column":8},"end":{"line":659,"column":9}},"type":"if","locations":[{"start":{"line":657,"column":8},"end":{"line":659,"column":9}},{"start":{},"end":{}}],"line":657},"89":{"loc":{"start":{"line":657,"column":12},"end":{"line":657,"column":105}},"type":"binary-expr","locations":[{"start":{"line":657,"column":12},"end":{"line":657,"column":26}},{"start":{"line":657,"column":30},"end":{"line":657,"column":61}},{"start":{"line":657,"column":65},"end":{"line":657,"column":105}}],"line":657},"90":{"loc":{"start":{"line":661,"column":8},"end":{"line":664,"column":9}},"type":"if","locations":[{"start":{"line":661,"column":8},"end":{"line":664,"column":9}},{"start":{},"end":{}}],"line":661},"91":{"loc":{"start":{"line":662,"column":24},"end":{"line":662,"column":137}},"type":"cond-expr","locations":[{"start":{"line":662,"column":62},"end":{"line":662,"column":72}},{"start":{"line":662,"column":75},"end":{"line":662,"column":137}}],"line":662},"92":{"loc":{"start":{"line":662,"column":75},"end":{"line":662,"column":137}},"type":"cond-expr","locations":[{"start":{"line":662,"column":110},"end":{"line":662,"column":123}},{"start":{"line":662,"column":126},"end":{"line":662,"column":137}}],"line":662},"93":{"loc":{"start":{"line":675,"column":30},"end":{"line":675,"column":79}},"type":"cond-expr","locations":[{"start":{"line":675,"column":46},"end":{"line":675,"column":68}},{"start":{"line":675,"column":71},"end":{"line":675,"column":79}}],"line":675},"94":{"loc":{"start":{"line":701,"column":28},"end":{"line":701,"column":136}},"type":"binary-expr","locations":[{"start":{"line":701,"column":28},"end":{"line":701,"column":82}},{"start":{"line":701,"column":86},"end":{"line":701,"column":136}}],"line":701},"95":{"loc":{"start":{"line":701,"column":40},"end":{"line":701,"column":81}},"type":"binary-expr","locations":[{"start":{"line":701,"column":40},"end":{"line":701,"column":61}},{"start":{"line":701,"column":65},"end":{"line":701,"column":81}}],"line":701},"96":{"loc":{"start":{"line":701,"column":98},"end":{"line":701,"column":135}},"type":"binary-expr","locations":[{"start":{"line":701,"column":98},"end":{"line":701,"column":117}},{"start":{"line":701,"column":121},"end":{"line":701,"column":135}}],"line":701},"97":{"loc":{"start":{"line":708,"column":24},"end":{"line":708,"column":58}},"type":"cond-expr","locations":[{"start":{"line":708,"column":40},"end":{"line":708,"column":53}},{"start":{"line":708,"column":56},"end":{"line":708,"column":58}}],"line":708},"98":{"loc":{"start":{"line":715,"column":26},"end":{"line":715,"column":166}},"type":"cond-expr","locations":[{"start":{"line":715,"column":49},"end":{"line":715,"column":161}},{"start":{"line":715,"column":164},"end":{"line":715,"column":166}}],"line":715},"99":{"loc":{"start":{"line":870,"column":44},"end":{"line":870,"column":83}},"type":"cond-expr","locations":[{"start":{"line":870,"column":61},"end":{"line":870,"column":71}},{"start":{"line":870,"column":74},"end":{"line":870,"column":83}}],"line":870},"100":{"loc":{"start":{"line":873,"column":4},"end":{"line":873,"column":64}},"type":"cond-expr","locations":[{"start":{"line":873,"column":24},"end":{"line":873,"column":50}},{"start":{"line":873,"column":53},"end":{"line":873,"column":64}}],"line":873}},"s":{"0":1,"1":1,"2":1,"3":1,"4":1,"5":1,"6":1,"7":8,"8":8,"9":48,"10":48,"11":4,"12":4,"13":4,"14":4,"15":4,"16":4,"17":0,"18":0,"19":0,"20":4,"21":0,"22":0,"23":0,"24":0,"25":0,"26":0,"27":4,"28":4,"29":4,"30":4,"31":0,"32":0,"33":4,"34":4,"35":4,"36":4,"37":4,"38":4,"39":4,"40":4,"41":4,"42":4,"43":4,"44":4,"45":4,"46":4,"47":4,"48":4,"49":8,"50":8,"51":0,"52":8,"53":8,"54":8,"55":0,"56":8,"57":8,"58":8,"59":8,"60":4,"61":0,"62":0,"63":0,"64":0,"65":0,"66":4,"67":0,"68":0,"69":4,"70":4,"71":4,"72":0,"73":0,"74":0,"75":0,"76":0,"77":0,"78":0,"79":0,"80":0,"81":0,"82":0,"83":0,"84":0,"85":0,"86":0,"87":0,"88":0,"89":0,"90":0,"91":0,"92":0,"93":0,"94":0,"95":0,"96":0,"97":0,"98":0,"99":0,"100":0,"101":0,"102":0,"103":0,"104":0,"105":0,"106":0,"107":0,"108":0,"109":0,"110":0,"111":0,"112":0,"113":0,"114":0,"115":0,"116":0,"117":0,"118":0,"119":0,"120":0,"121":0,"122":0,"123":0,"124":0,"125":0,"126":0,"127":0,"128":0,"129":0,"130":0,"131":0,"132":0,"133":0,"134":0,"135":0,"136":0,"137":0,"138":0,"139":0,"140":0,"141":0,"142":0,"143":0,"144":0,"145":0,"146":0,"147":0,"148":0,"149":0,"150":0,"151":0,"152":0,"153":0,"154":0,"155":0,"156":0,"157":2,"158":2,"159":2,"160":2,"161":2,"162":2,"163":0,"164":0,"165":0,"166":0,"167":2,"168":263,"169":5,"170":5,"171":4,"172":1,"173":1,"174":0,"175":0,"176":5,"177":5,"178":5,"179":5,"180":4,"181":4,"182":1,"183":1,"184":1,"185":0,"186":0,"187":0,"188":0,"189":0,"190":0,"191":0,"192":0,"193":0,"194":0,"195":0,"196":0,"197":0,"198":5,"199":263,"200":261,"201":2,"202":2,"203":2,"204":0,"205":0,"206":0,"207":0,"208":0,"209":0,"210":0,"211":0,"212":0,"213":0,"214":0,"215":0,"216":0,"217":0,"218":0,"219":0,"220":0,"221":0,"222":0,"223":0,"224":0,"225":0,"226":0,"227":0,"228":0,"229":0,"230":0,"231":0,"232":0,"233":0,"234":0,"235":0,"236":0,"237":0,"238":0,"239":0,"240":4,"241":4,"242":4,"243":4,"244":4,"245":4,"246":4,"247":4,"248":4,"249":4,"250":2,"251":2,"252":2,"253":4,"254":4,"255":2,"256":2,"257":2,"258":4,"259":2,"260":5,"261":5,"262":5,"263":5,"264":2,"265":5,"266":2,"267":2,"268":2,"269":2,"270":63,"271":63,"272":63,"273":63,"274":14,"275":63,"276":14,"277":0,"278":4,"279":12,"280":4,"281":15,"282":15,"283":0,"284":0,"285":0,"286":0,"287":0,"288":0,"289":0,"290":0,"291":0,"292":15,"293":4,"294":4,"295":4,"296":4,"297":0,"298":0,"299":4,"300":4,"301":4,"302":0,"303":0,"304":4,"305":4,"306":15,"307":15,"308":15,"309":15,"310":0,"311":15,"312":2,"313":2,"314":15,"315":15,"316":15,"317":15,"318":30,"319":30,"320":30,"321":30,"322":30,"323":15,"324":4,"325":0,"326":0,"327":0,"328":0,"329":0,"330":0,"331":0,"332":0,"333":0,"334":0,"335":0,"336":0,"337":0,"338":0,"339":0,"340":0,"341":0,"342":1},"f":{"0":8,"1":48,"2":4,"3":4,"4":4,"5":4,"6":0,"7":0,"8":0,"9":0,"10":2,"11":263,"12":0,"13":0,"14":261,"15":0,"16":0,"17":0,"18":0,"19":0,"20":0,"21":4,"22":4,"23":12,"24":4,"25":4,"26":0},"b":{"0":[0],"1":[0],"2":[4],"3":[4],"4":[0],"5":[0],"6":[2],"7":[0,4],"8":[4,4],"9":[0,0],"10":[0,4],"11":[4,0],"12":[0,0],"13":[0,4],"14":[4,0],"15":[4,0],"16":[0],"17":[4,0],"18":[0,8],"19":[0,8],"20":[8,0],"21":[8,0],"22":[4,4],"23":[0,0],"24":[0,4],"25":[0],"26":[0,0],"27":[0,0],"28":[0,0],"29":[0,0],"30":[0,0],"31":[0],"32":[0,0],"33":[0,0],"34":[0,0],"35":[0,0],"36":[0,0],"37":[0,0],"38":[0,0],"39":[0,0],"40":[0,0],"41":[0,0],"42":[0,0],"43":[0,0],"44":[0,0],"45":[0,0],"46":[0,0],"47":[2,0],"48":[2,2],"49":[0,0],"50":[5,258],"51":[4,1],"52":[1,0],"53":[0,0],"54":[5,0],"55":[4,1],"56":[5,4,4,4],"57":[1,0],"58":[1,1],"59":[0,0],"60":[0,0],"61":[0,0],"62":[0,0],"63":[0,0],"64":[0,0],"65":[0,0],"66":[0,0,0],"67":[0,0],"68":[0,0,0],"69":[0,0],"70":[0,0,0,0,0],"71":[0,0],"72":[0,0],"73":[0],"74":[2,2],"75":[2,0],"76":[2,2],"77":[4,2],"78":[2,2],"79":[2,3],"80":[2,3],"81":[2,0],"82":[14,49],"83":[14,49],"84":[0],"85":[0,0,4,4],"86":[0,4],"87":[0,4],"88":[0,15],"89":[15,0,0],"90":[2,13],"91":[1,1],"92":[1,0],"93":[30,0],"94":[0,0],"95":[0,0],"96":[0,0],"97":[0,0],"98":[0,0],"99":[0,0],"100":[0,0]},"_coverageSchema":"1a1c01bbd47fc00a2c39e90264f33305004495a9","hash":"d53fdfd7be7e502e3bf407c24789b1d9e91ffd10"}
}
