TN:
SF:src/analyzers/search.js
FN:26,isIgnored
FN:29,(anonymous_1)
FN:48,searchCodebase
FN:114,findCodeFiles
FN:122,(anonymous_4)
FN:127,walkSync
FN:191,performSemanticSearch
FN:236,(anonymous_7)
FN:254,processBatch
FN:281,(anonymous_9)
FN:356,extractConstructs
FN:382,traverse
FN:409,(anonymous_12)
FN:416,(anonymous_13)
FN:430,(anonymous_14)
FN:443,splitIntoChunks
FN:462,getEmbedding
FN:472,(anonymous_17)
FN:488,calculateCosineSimilarity
FN:489,(anonymous_19)
FN:489,(anonymous_20)
FN:519,performSimpleSearch
FN:521,(anonymous_22)
FN:590,(anonymous_23)
FN:600,addContextToResults
FN:630,formatSearchResults
FN:690,generateHtmlOutput
FNF:27
FNH:14
FNDA:8,isIgnored
FNDA:48,(anonymous_1)
FNDA:4,searchCodebase
FNDA:4,findCodeFiles
FNDA:4,(anonymous_4)
FNDA:4,walkSync
FNDA:0,performSemanticSearch
FNDA:0,(anonymous_7)
FNDA:0,processBatch
FNDA:0,(anonymous_9)
FNDA:2,extractConstructs
FNDA:263,traverse
FNDA:0,(anonymous_12)
FNDA:0,(anonymous_13)
FNDA:261,(anonymous_14)
FNDA:0,splitIntoChunks
FNDA:0,getEmbedding
FNDA:0,(anonymous_17)
FNDA:0,calculateCosineSimilarity
FNDA:0,(anonymous_19)
FNDA:0,(anonymous_20)
FNDA:4,performSimpleSearch
FNDA:4,(anonymous_22)
FNDA:12,(anonymous_23)
FNDA:4,addContextToResults
FNDA:4,formatSearchResults
FNDA:0,generateHtmlOutput
DA:7,1
DA:8,1
DA:10,1
DA:11,1
DA:12,1
DA:13,1
DA:16,1
DA:27,8
DA:29,8
DA:30,48
DA:31,48
DA:58,4
DA:59,4
DA:60,4
DA:62,4
DA:63,4
DA:65,4
DA:66,0
DA:67,0
DA:68,0
DA:72,4
DA:73,0
DA:74,0
DA:75,0
DA:76,0
DA:78,0
DA:79,0
DA:82,4
DA:83,4
DA:84,4
DA:87,4
DA:88,0
DA:89,0
DA:91,4
DA:93,4
DA:94,4
DA:96,4
DA:103,4
DA:105,4
DA:115,4
DA:116,4
DA:118,4
DA:119,4
DA:121,4
DA:122,4
DA:125,4
DA:128,4
DA:129,4
DA:131,4
DA:132,8
DA:135,8
DA:137,0
DA:140,8
DA:141,8
DA:143,8
DA:144,0
DA:145,8
DA:146,8
DA:149,8
DA:150,8
DA:151,4
DA:156,0
DA:157,0
DA:158,0
DA:163,0
DA:167,0
DA:171,4
DA:172,0
DA:173,0
DA:176,4
DA:177,4
DA:178,4
DA:192,0
DA:193,0
DA:194,0
DA:196,0
DA:198,0
DA:199,0
DA:200,0
DA:202,0
DA:204,0
DA:205,0
DA:206,0
DA:209,0
DA:210,0
DA:211,0
DA:213,0
DA:214,0
DA:215,0
DA:216,0
DA:217,0
DA:219,0
DA:221,0
DA:222,0
DA:224,0
DA:226,0
DA:227,0
DA:228,0
DA:229,0
DA:230,0
DA:233,0
DA:235,0
DA:236,0
DA:239,0
DA:241,0
DA:255,0
DA:256,0
DA:258,0
DA:259,0
DA:260,0
DA:261,0
DA:263,0
DA:266,0
DA:267,0
DA:268,0
DA:269,0
DA:272,0
DA:273,0
DA:274,0
DA:275,0
DA:276,0
DA:277,0
DA:278,0
DA:280,0
DA:281,0
DA:285,0
DA:286,0
DA:287,0
DA:288,0
DA:290,0
DA:292,0
DA:293,0
DA:294,0
DA:295,0
DA:298,0
DA:299,0
DA:301,0
DA:302,0
DA:303,0
DA:305,0
DA:317,0
DA:318,0
DA:320,0
DA:321,0
DA:322,0
DA:324,0
DA:326,0
DA:327,0
DA:328,0
DA:329,0
DA:332,0
DA:333,0
DA:335,0
DA:347,0
DA:357,2
DA:360,2
DA:367,2
DA:368,2
DA:369,2
DA:370,2
DA:373,0
DA:374,0
DA:375,0
DA:377,0
DA:380,2
DA:383,263
DA:384,5
DA:386,5
DA:387,4
DA:388,1
DA:389,1
DA:390,0
DA:391,0
DA:394,5
DA:395,5
DA:396,5
DA:399,5
DA:400,4
DA:401,4
DA:402,1
DA:403,1
DA:404,1
DA:405,0
DA:406,0
DA:407,0
DA:408,0
DA:409,0
DA:410,0
DA:411,0
DA:412,0
DA:416,0
DA:417,0
DA:420,5
DA:430,263
DA:433,2
DA:434,2
DA:435,2
DA:444,0
DA:445,0
DA:446,0
DA:448,0
DA:449,0
DA:450,0
DA:453,0
DA:463,0
DA:464,0
DA:465,0
DA:467,0
DA:471,0
DA:472,0
DA:473,0
DA:475,0
DA:477,0
DA:478,0
DA:489,0
DA:490,0
DA:493,0
DA:494,0
DA:495,0
DA:497,0
DA:498,0
DA:499,0
DA:500,0
DA:503,0
DA:504,0
DA:506,0
DA:507,0
DA:520,4
DA:521,4
DA:522,4
DA:524,4
DA:525,4
DA:526,4
DA:527,4
DA:528,4
DA:531,4
DA:532,2
DA:533,2
DA:534,2
DA:537,4
DA:538,4
DA:539,2
DA:540,2
DA:541,2
DA:544,4
DA:545,2
DA:546,5
DA:547,5
DA:548,5
DA:549,5
DA:551,5
DA:552,2
DA:565,2
DA:566,2
DA:567,63
DA:568,63
DA:569,63
DA:570,63
DA:572,63
DA:573,14
DA:585,0
DA:589,4
DA:590,12
DA:601,4
DA:602,15
DA:603,15
DA:604,0
DA:606,0
DA:607,0
DA:609,0
DA:611,0
DA:612,0
DA:613,0
DA:614,0
DA:615,0
DA:617,15
DA:621,4
DA:631,4
DA:632,4
DA:634,4
DA:636,0
DA:639,0
DA:643,4
DA:644,4
DA:646,4
DA:647,0
DA:648,0
DA:651,4
DA:652,15
DA:653,15
DA:654,15
DA:657,15
DA:658,0
DA:661,15
DA:662,2
DA:663,2
DA:665,15
DA:667,15
DA:668,15
DA:669,30
DA:670,30
DA:674,30
DA:675,30
DA:676,30
DA:678,15
DA:681,4
DA:691,0
DA:693,0
DA:694,0
DA:695,0
DA:696,0
DA:698,0
DA:699,0
DA:700,0
DA:701,0
DA:703,0
DA:708,0
DA:709,0
DA:715,0
DA:717,0
DA:734,0
DA:878,1
LF:322
LH:144
BRDA:26,0,0,0
BRDA:51,1,0,0
BRDA:52,2,0,4
BRDA:53,3,0,4
BRDA:55,4,0,0
BRDA:56,5,0,0
BRDA:57,6,0,2
BRDA:65,7,0,0
BRDA:65,7,1,4
BRDA:65,8,0,4
BRDA:65,8,1,4
BRDA:68,9,0,0
BRDA:68,9,1,0
BRDA:72,10,0,0
BRDA:72,10,1,4
BRDA:72,11,0,4
BRDA:72,11,1,0
BRDA:76,12,0,0
BRDA:76,12,1,0
BRDA:87,13,0,0
BRDA:87,13,1,4
BRDA:100,14,0,4
BRDA:100,14,1,0
BRDA:105,15,0,4
BRDA:105,15,1,0
BRDA:114,16,0,0
BRDA:121,17,0,4
BRDA:121,17,1,0
BRDA:135,18,0,0
BRDA:135,18,1,8
BRDA:143,19,0,0
BRDA:143,19,1,8
BRDA:145,20,0,8
BRDA:145,20,1,0
BRDA:149,21,0,8
BRDA:149,21,1,0
BRDA:150,22,0,4
BRDA:150,22,1,4
BRDA:157,23,0,0
BRDA:157,23,1,0
BRDA:171,24,0,0
BRDA:171,24,1,4
BRDA:191,25,0,0
BRDA:198,26,0,0
BRDA:198,26,1,0
BRDA:198,27,0,0
BRDA:198,27,1,0
BRDA:204,28,0,0
BRDA:204,28,1,0
BRDA:204,29,0,0
BRDA:204,29,1,0
BRDA:215,30,0,0
BRDA:215,30,1,0
BRDA:254,31,0,0
BRDA:263,32,0,0
BRDA:263,32,1,0
BRDA:266,33,0,0
BRDA:266,33,1,0
BRDA:268,34,0,0
BRDA:268,34,1,0
BRDA:273,35,0,0
BRDA:273,35,1,0
BRDA:273,36,0,0
BRDA:273,36,1,0
BRDA:280,37,0,0
BRDA:280,37,1,0
BRDA:285,38,0,0
BRDA:285,38,1,0
BRDA:293,39,0,0
BRDA:293,39,1,0
BRDA:293,40,0,0
BRDA:293,40,1,0
BRDA:302,41,0,0
BRDA:302,41,1,0
BRDA:302,42,0,0
BRDA:302,42,1,0
BRDA:313,43,0,0
BRDA:313,43,1,0
BRDA:317,44,0,0
BRDA:317,44,1,0
BRDA:327,45,0,0
BRDA:327,45,1,0
BRDA:327,46,0,0
BRDA:327,46,1,0
BRDA:368,47,0,2
BRDA:368,47,1,0
BRDA:368,48,0,2
BRDA:368,48,1,2
BRDA:374,49,0,0
BRDA:374,49,1,0
BRDA:383,50,0,5
BRDA:383,50,1,258
BRDA:386,51,0,4
BRDA:386,51,1,1
BRDA:388,52,0,1
BRDA:388,52,1,0
BRDA:390,53,0,0
BRDA:390,53,1,0
BRDA:394,54,0,5
BRDA:394,54,1,0
BRDA:399,55,0,4
BRDA:399,55,1,1
BRDA:399,56,0,5
BRDA:399,56,1,4
BRDA:399,56,2,4
BRDA:399,56,3,4
BRDA:402,57,0,1
BRDA:402,57,1,0
BRDA:402,58,0,1
BRDA:402,58,1,1
BRDA:405,59,0,0
BRDA:405,59,1,0
BRDA:405,60,0,0
BRDA:405,60,1,0
BRDA:408,61,0,0
BRDA:408,61,1,0
BRDA:410,62,0,0
BRDA:410,62,1,0
BRDA:410,63,0,0
BRDA:410,63,1,0
BRDA:417,64,0,0
BRDA:417,64,1,0
BRDA:464,65,0,0
BRDA:464,65,1,0
BRDA:464,66,0,0
BRDA:464,66,1,0
BRDA:464,66,2,0
BRDA:472,67,0,0
BRDA:472,67,1,0
BRDA:472,68,0,0
BRDA:472,68,1,0
BRDA:472,68,2,0
BRDA:489,69,0,0
BRDA:489,69,1,0
BRDA:489,70,0,0
BRDA:489,70,1,0
BRDA:489,70,2,0
BRDA:489,70,3,0
BRDA:489,70,4,0
BRDA:506,71,0,0
BRDA:506,71,1,0
BRDA:506,72,0,0
BRDA:506,72,1,0
BRDA:519,73,0,0
BRDA:531,74,0,2
BRDA:531,74,1,2
BRDA:533,75,0,2
BRDA:533,75,1,0
BRDA:538,76,0,2
BRDA:538,76,1,2
BRDA:538,77,0,4
BRDA:538,77,1,2
BRDA:544,78,0,2
BRDA:544,78,1,2
BRDA:549,79,0,2
BRDA:549,79,1,3
BRDA:551,80,0,2
BRDA:551,80,1,3
BRDA:560,81,0,2
BRDA:560,81,1,0
BRDA:570,82,0,14
BRDA:570,82,1,49
BRDA:572,83,0,14
BRDA:572,83,1,49
BRDA:630,84,0,0
BRDA:634,85,0,0
BRDA:634,85,1,0
BRDA:634,85,2,4
BRDA:634,85,3,4
BRDA:644,86,0,0
BRDA:644,86,1,4
BRDA:646,87,0,0
BRDA:646,87,1,4
BRDA:657,88,0,0
BRDA:657,88,1,15
BRDA:657,89,0,15
BRDA:657,89,1,0
BRDA:657,89,2,0
BRDA:661,90,0,2
BRDA:661,90,1,13
BRDA:662,91,0,1
BRDA:662,91,1,1
BRDA:662,92,0,1
BRDA:662,92,1,0
BRDA:675,93,0,30
BRDA:675,93,1,0
BRDA:701,94,0,0
BRDA:701,94,1,0
BRDA:701,95,0,0
BRDA:701,95,1,0
BRDA:701,96,0,0
BRDA:701,96,1,0
BRDA:708,97,0,0
BRDA:708,97,1,0
BRDA:715,98,0,0
BRDA:715,98,1,0
BRDA:870,99,0,0
BRDA:870,99,1,0
BRDA:873,100,0,0
BRDA:873,100,1,0
BRF:200
BRH:67
end_of_record
